2024-05-21 10:03:12,060 - flask_app - DEBUG - This is a DEBUG message
2024-05-21 10:03:12,060 - flask_app - INFO - This is an INFO message
2024-05-21 10:03:12,062 - flask_app - WARNING - This is a WARNING message
2024-05-21 10:03:12,064 - flask_app - ERROR - This is an ERROR message
2024-05-21 10:03:12,067 - flask_app - CRITICAL - This is a CRITICAL message
2024-05-21 10:04:38,784 - flask_app - DEBUG - This is a DEBUG message
2024-05-21 10:04:38,784 - flask_app - INFO - This is an INFO message
2024-05-21 10:04:38,786 - flask_app - WARNING - This is a WARNING message
2024-05-21 10:04:38,788 - flask_app - ERROR - This is an ERROR message
2024-05-21 10:04:38,790 - flask_app - CRITICAL - This is a CRITICAL message
2024-05-21 12:50:03,522 - flask_app - DEBUG - This is a DEBUG message
2024-05-21 12:50:03,522 - flask_app - INFO - This is an INFO message
2024-05-21 12:50:03,525 - flask_app - WARNING - This is a WARNING message
2024-05-21 12:50:03,527 - flask_app - ERROR - This is an ERROR message
2024-05-21 12:50:03,529 - flask_app - CRITICAL - This is a CRITICAL message
2024-05-21 12:52:59,054 - flask_app - DEBUG - This is a DEBUG message
2024-05-21 12:52:59,054 - flask_app - INFO - This is an INFO message
2024-05-21 12:52:59,054 - flask_app - WARNING - This is a WARNING message
2024-05-21 12:52:59,070 - flask_app - ERROR - This is an ERROR message
2024-05-21 12:52:59,070 - flask_app - CRITICAL - This is a CRITICAL message
2024-05-21 12:55:57,082 - flask_app - DEBUG - This is a DEBUG message
2024-05-21 12:55:57,083 - flask_app - INFO - This is an INFO message
2024-05-21 12:55:57,086 - flask_app - WARNING - This is a WARNING message
2024-05-21 12:55:57,089 - flask_app - ERROR - This is an ERROR message
2024-05-21 12:55:57,092 - flask_app - CRITICAL - This is a CRITICAL message
